[2022-08-27 01:33:10] local.ERROR: syntax error, unexpected end of file {"exception":"[object] (ParseError(code: 0): syntax error, unexpected end of file at E:\\Users\\Acer\\Desktop\\hub\\LaravelEliabe\\laravelEliabe\\routes\\web.php:21)
[stacktrace]
#0 E:\\Users\\Acer\\Desktop\\hub\\LaravelEliabe\\laravelEliabe\\vendor\\laravel\\framework\\src\\Illuminate\\Routing\\Router.php(430): Illuminate\\Routing\\RouteFileRegistrar->register('E:\\\\Users\\\\Acer\\\\D...')
#1 E:\\Users\\Acer\\Desktop\\hub\\LaravelEliabe\\laravelEliabe\\vendor\\laravel\\framework\\src\\Illuminate\\Routing\\Router.php(386): Illuminate\\Routing\\Router->loadRoutes('E:\\\\Users\\\\Acer\\\\D...')
#2 E:\\Users\\Acer\\Desktop\\hub\\LaravelEliabe\\laravelEliabe\\vendor\\laravel\\framework\\src\\Illuminate\\Routing\\RouteRegistrar.php(165): Illuminate\\Routing\\Router->group(Array, 'E:\\\\Users\\\\Acer\\\\D...')
#3 E:\\Users\\Acer\\Desktop\\hub\\LaravelEliabe\\laravelEliabe\\app\\Providers\\RouteServiceProvider.php(37): Illuminate\\Routing\\RouteRegistrar->group('E:\\\\Users\\\\Acer\\\\D...')
#4 E:\\Users\\Acer\\Desktop\\hub\\LaravelEliabe\\laravelEliabe\\vendor\\laravel\\framework\\src\\Illuminate\\Container\\BoundMethod.php(36): App\\Providers\\RouteServiceProvider->App\\Providers\\{closure}()
#5 E:\\Users\\Acer\\Desktop\\hub\\LaravelEliabe\\laravelEliabe\\vendor\\laravel\\framework\\src\\Illuminate\\Container\\Util.php(41): Illuminate\\Container\\BoundMethod::Illuminate\\Container\\{closure}()
#6 E:\\Users\\Acer\\Desktop\\hub\\LaravelEliabe\\laravelEliabe\\vendor\\laravel\\framework\\src\\Illuminate\\Container\\BoundMethod.php(81): Illuminate\\Container\\Util::unwrapIfClosure(Object(Closure))
#7 E:\\Users\\Acer\\Desktop\\hub\\LaravelEliabe\\laravelEliabe\\vendor\\laravel\\framework\\src\\Illuminate\\Container\\BoundMethod.php(37): Illuminate\\Container\\BoundMethod::callBoundMethod(Object(Illuminate\\Foundation\\Application), Object(Closure), Object(Closure))
#8 E:\\Users\\Acer\\Desktop\\hub\\LaravelEliabe\\laravelEliabe\\vendor\\laravel\\framework\\src\\Illuminate\\Container\\Container.php(651): Illuminate\\Container\\BoundMethod::call(Object(Illuminate\\Foundation\\Application), Object(Closure), Array, NULL)
#9 E:\\Users\\Acer\\Desktop\\hub\\LaravelEliabe\\laravelEliabe\\vendor\\laravel\\framework\\src\\Illuminate\\Foundation\\Support\\Providers\\RouteServiceProvider.php(120): Illuminate\\Container\\Container->call(Object(Closure))
#10 E:\\Users\\Acer\\Desktop\\hub\\LaravelEliabe\\laravelEliabe\\vendor\\laravel\\framework\\src\\Illuminate\\Foundation\\Support\\Providers\\RouteServiceProvider.php(45): Illuminate\\Foundation\\Support\\Providers\\RouteServiceProvider->loadRoutes()
#11 E:\\Users\\Acer\\Desktop\\hub\\LaravelEliabe\\laravelEliabe\\vendor\\laravel\\framework\\src\\Illuminate\\Container\\BoundMethod.php(36): Illuminate\\Foundation\\Support\\Providers\\RouteServiceProvider->Illuminate\\Foundation\\Support\\Providers\\{closure}()
#12 E:\\Users\\Acer\\Desktop\\hub\\LaravelEliabe\\laravelEliabe\\vendor\\laravel\\framework\\src\\Illuminate\\Container\\Util.php(41): Illuminate\\Container\\BoundMethod::Illuminate\\Container\\{closure}()
#13 E:\\Users\\Acer\\Desktop\\hub\\LaravelEliabe\\laravelEliabe\\vendor\\laravel\\framework\\src\\Illuminate\\Container\\BoundMethod.php(81): Illuminate\\Container\\Util::unwrapIfClosure(Object(Closure))
#14 E:\\Users\\Acer\\Desktop\\hub\\LaravelEliabe\\laravelEliabe\\vendor\\laravel\\framework\\src\\Illuminate\\Container\\BoundMethod.php(37): Illuminate\\Container\\BoundMethod::callBoundMethod(Object(Illuminate\\Foundation\\Application), Object(Closure), Object(Closure))
#15 E:\\Users\\Acer\\Desktop\\hub\\LaravelEliabe\\laravelEliabe\\vendor\\laravel\\framework\\src\\Illuminate\\Container\\Container.php(651): Illuminate\\Container\\BoundMethod::call(Object(Illuminate\\Foundation\\Application), Object(Closure), Array, NULL)
#16 E:\\Users\\Acer\\Desktop\\hub\\LaravelEliabe\\laravelEliabe\\vendor\\laravel\\framework\\src\\Illuminate\\Support\\ServiceProvider.php(119): Illuminate\\Container\\Container->call(Object(Closure))
#17 E:\\Users\\Acer\\Desktop\\hub\\LaravelEliabe\\laravelEliabe\\vendor\\laravel\\framework\\src\\Illuminate\\Foundation\\Application.php(933): Illuminate\\Support\\ServiceProvider->callBootedCallbacks()
#18 E:\\Users\\Acer\\Desktop\\hub\\LaravelEliabe\\laravelEliabe\\vendor\\laravel\\framework\\src\\Illuminate\\Foundation\\Application.php(911): Illuminate\\Foundation\\Application->bootProvider(Object(App\\Providers\\RouteServiceProvider))
#19 [internal function]: Illuminate\\Foundation\\Application->Illuminate\\Foundation\\{closure}(Object(App\\Providers\\RouteServiceProvider), 23)
#20 E:\\Users\\Acer\\Desktop\\hub\\LaravelEliabe\\laravelEliabe\\vendor\\laravel\\framework\\src\\Illuminate\\Foundation\\Application.php(912): array_walk(Array, Object(Closure))
#21 E:\\Users\\Acer\\Desktop\\hub\\LaravelEliabe\\laravelEliabe\\vendor\\laravel\\framework\\src\\Illuminate\\Foundation\\Bootstrap\\BootProviders.php(17): Illuminate\\Foundation\\Application->boot()
#22 E:\\Users\\Acer\\Desktop\\hub\\LaravelEliabe\\laravelEliabe\\vendor\\laravel\\framework\\src\\Illuminate\\Foundation\\Application.php(239): Illuminate\\Foundation\\Bootstrap\\BootProviders->bootstrap(Object(Illuminate\\Foundation\\Application))
#23 E:\\Users\\Acer\\Desktop\\hub\\LaravelEliabe\\laravelEliabe\\vendor\\laravel\\framework\\src\\Illuminate\\Foundation\\Console\\Kernel.php(310): Illuminate\\Foundation\\Application->bootstrapWith(Array)
#24 E:\\Users\\Acer\\Desktop\\hub\\LaravelEliabe\\laravelEliabe\\vendor\\laravel\\framework\\src\\Illuminate\\Foundation\\Console\\Kernel.php(127): Illuminate\\Foundation\\Console\\Kernel->bootstrap()
#25 E:\\Users\\Acer\\Desktop\\hub\\LaravelEliabe\\laravelEliabe\\artisan(37): Illuminate\\Foundation\\Console\\Kernel->handle(Object(Symfony\\Component\\Console\\Input\\ArgvInput), Object(Symfony\\Component\\Console\\Output\\ConsoleOutput))
#26 {main}
"} 
[2022-08-27 01:33:26] local.ERROR: syntax error, unexpected end of file {"exception":"[object] (ParseError(code: 0): syntax error, unexpected end of file at E:\\Users\\Acer\\Desktop\\hub\\LaravelEliabe\\laravelEliabe\\routes\\web.php:21)
[stacktrace]
#0 E:\\Users\\Acer\\Desktop\\hub\\LaravelEliabe\\laravelEliabe\\vendor\\laravel\\framework\\src\\Illuminate\\Routing\\Router.php(430): Illuminate\\Routing\\RouteFileRegistrar->register('E:\\\\Users\\\\Acer\\\\D...')
#1 E:\\Users\\Acer\\Desktop\\hub\\LaravelEliabe\\laravelEliabe\\vendor\\laravel\\framework\\src\\Illuminate\\Routing\\Router.php(386): Illuminate\\Routing\\Router->loadRoutes('E:\\\\Users\\\\Acer\\\\D...')
#2 E:\\Users\\Acer\\Desktop\\hub\\LaravelEliabe\\laravelEliabe\\vendor\\laravel\\framework\\src\\Illuminate\\Routing\\RouteRegistrar.php(165): Illuminate\\Routing\\Router->group(Array, 'E:\\\\Users\\\\Acer\\\\D...')
#3 E:\\Users\\Acer\\Desktop\\hub\\LaravelEliabe\\laravelEliabe\\app\\Providers\\RouteServiceProvider.php(37): Illuminate\\Routing\\RouteRegistrar->group('E:\\\\Users\\\\Acer\\\\D...')
#4 E:\\Users\\Acer\\Desktop\\hub\\LaravelEliabe\\laravelEliabe\\vendor\\laravel\\framework\\src\\Illuminate\\Container\\BoundMethod.php(36): App\\Providers\\RouteServiceProvider->App\\Providers\\{closure}()
#5 E:\\Users\\Acer\\Desktop\\hub\\LaravelEliabe\\laravelEliabe\\vendor\\laravel\\framework\\src\\Illuminate\\Container\\Util.php(41): Illuminate\\Container\\BoundMethod::Illuminate\\Container\\{closure}()
#6 E:\\Users\\Acer\\Desktop\\hub\\LaravelEliabe\\laravelEliabe\\vendor\\laravel\\framework\\src\\Illuminate\\Container\\BoundMethod.php(81): Illuminate\\Container\\Util::unwrapIfClosure(Object(Closure))
#7 E:\\Users\\Acer\\Desktop\\hub\\LaravelEliabe\\laravelEliabe\\vendor\\laravel\\framework\\src\\Illuminate\\Container\\BoundMethod.php(37): Illuminate\\Container\\BoundMethod::callBoundMethod(Object(Illuminate\\Foundation\\Application), Object(Closure), Object(Closure))
#8 E:\\Users\\Acer\\Desktop\\hub\\LaravelEliabe\\laravelEliabe\\vendor\\laravel\\framework\\src\\Illuminate\\Container\\Container.php(651): Illuminate\\Container\\BoundMethod::call(Object(Illuminate\\Foundation\\Application), Object(Closure), Array, NULL)
#9 E:\\Users\\Acer\\Desktop\\hub\\LaravelEliabe\\laravelEliabe\\vendor\\laravel\\framework\\src\\Illuminate\\Foundation\\Support\\Providers\\RouteServiceProvider.php(120): Illuminate\\Container\\Container->call(Object(Closure))
#10 E:\\Users\\Acer\\Desktop\\hub\\LaravelEliabe\\laravelEliabe\\vendor\\laravel\\framework\\src\\Illuminate\\Foundation\\Support\\Providers\\RouteServiceProvider.php(45): Illuminate\\Foundation\\Support\\Providers\\RouteServiceProvider->loadRoutes()
#11 E:\\Users\\Acer\\Desktop\\hub\\LaravelEliabe\\laravelEliabe\\vendor\\laravel\\framework\\src\\Illuminate\\Container\\BoundMethod.php(36): Illuminate\\Foundation\\Support\\Providers\\RouteServiceProvider->Illuminate\\Foundation\\Support\\Providers\\{closure}()
#12 E:\\Users\\Acer\\Desktop\\hub\\LaravelEliabe\\laravelEliabe\\vendor\\laravel\\framework\\src\\Illuminate\\Container\\Util.php(41): Illuminate\\Container\\BoundMethod::Illuminate\\Container\\{closure}()
#13 E:\\Users\\Acer\\Desktop\\hub\\LaravelEliabe\\laravelEliabe\\vendor\\laravel\\framework\\src\\Illuminate\\Container\\BoundMethod.php(81): Illuminate\\Container\\Util::unwrapIfClosure(Object(Closure))
#14 E:\\Users\\Acer\\Desktop\\hub\\LaravelEliabe\\laravelEliabe\\vendor\\laravel\\framework\\src\\Illuminate\\Container\\BoundMethod.php(37): Illuminate\\Container\\BoundMethod::callBoundMethod(Object(Illuminate\\Foundation\\Application), Object(Closure), Object(Closure))
#15 E:\\Users\\Acer\\Desktop\\hub\\LaravelEliabe\\laravelEliabe\\vendor\\laravel\\framework\\src\\Illuminate\\Container\\Container.php(651): Illuminate\\Container\\BoundMethod::call(Object(Illuminate\\Foundation\\Application), Object(Closure), Array, NULL)
#16 E:\\Users\\Acer\\Desktop\\hub\\LaravelEliabe\\laravelEliabe\\vendor\\laravel\\framework\\src\\Illuminate\\Support\\ServiceProvider.php(119): Illuminate\\Container\\Container->call(Object(Closure))
#17 E:\\Users\\Acer\\Desktop\\hub\\LaravelEliabe\\laravelEliabe\\vendor\\laravel\\framework\\src\\Illuminate\\Foundation\\Application.php(933): Illuminate\\Support\\ServiceProvider->callBootedCallbacks()
#18 E:\\Users\\Acer\\Desktop\\hub\\LaravelEliabe\\laravelEliabe\\vendor\\laravel\\framework\\src\\Illuminate\\Foundation\\Application.php(911): Illuminate\\Foundation\\Application->bootProvider(Object(App\\Providers\\RouteServiceProvider))
#19 [internal function]: Illuminate\\Foundation\\Application->Illuminate\\Foundation\\{closure}(Object(App\\Providers\\RouteServiceProvider), 23)
#20 E:\\Users\\Acer\\Desktop\\hub\\LaravelEliabe\\laravelEliabe\\vendor\\laravel\\framework\\src\\Illuminate\\Foundation\\Application.php(912): array_walk(Array, Object(Closure))
#21 E:\\Users\\Acer\\Desktop\\hub\\LaravelEliabe\\laravelEliabe\\vendor\\laravel\\framework\\src\\Illuminate\\Foundation\\Bootstrap\\BootProviders.php(17): Illuminate\\Foundation\\Application->boot()
#22 E:\\Users\\Acer\\Desktop\\hub\\LaravelEliabe\\laravelEliabe\\vendor\\laravel\\framework\\src\\Illuminate\\Foundation\\Application.php(239): Illuminate\\Foundation\\Bootstrap\\BootProviders->bootstrap(Object(Illuminate\\Foundation\\Application))
#23 E:\\Users\\Acer\\Desktop\\hub\\LaravelEliabe\\laravelEliabe\\vendor\\laravel\\framework\\src\\Illuminate\\Foundation\\Console\\Kernel.php(310): Illuminate\\Foundation\\Application->bootstrapWith(Array)
#24 E:\\Users\\Acer\\Desktop\\hub\\LaravelEliabe\\laravelEliabe\\vendor\\laravel\\framework\\src\\Illuminate\\Foundation\\Console\\Kernel.php(127): Illuminate\\Foundation\\Console\\Kernel->bootstrap()
#25 E:\\Users\\Acer\\Desktop\\hub\\LaravelEliabe\\laravelEliabe\\artisan(37): Illuminate\\Foundation\\Console\\Kernel->handle(Object(Symfony\\Component\\Console\\Input\\ArgvInput), Object(Symfony\\Component\\Console\\Output\\ConsoleOutput))
#26 {main}
"} 
[2022-08-27 14:57:16] local.ERROR: Target class [ADADController] does not exist. {"exception":"[object] (Illuminate\\Contracts\\Container\\BindingResolutionException(code: 0): Target class [ADADController] does not exist. at E:\\Users\\Acer\\Desktop\\hub\\LaravelEliabe\\laravelEliabe\\vendor\\laravel\\framework\\src\\Illuminate\\Container\\Container.php:877)
[stacktrace]
#0 E:\\Users\\Acer\\Desktop\\hub\\LaravelEliabe\\laravelEliabe\\vendor\\laravel\\framework\\src\\Illuminate\\Container\\Container.php(756): Illuminate\\Container\\Container->build('ADADController')
#1 E:\\Users\\Acer\\Desktop\\hub\\LaravelEliabe\\laravelEliabe\\vendor\\laravel\\framework\\src\\Illuminate\\Foundation\\Application.php(857): Illuminate\\Container\\Container->resolve('ADADController', Array, true)
#2 E:\\Users\\Acer\\Desktop\\hub\\LaravelEliabe\\laravelEliabe\\vendor\\laravel\\framework\\src\\Illuminate\\Container\\Container.php(692): Illuminate\\Foundation\\Application->resolve('ADADController', Array)
#3 E:\\Users\\Acer\\Desktop\\hub\\LaravelEliabe\\laravelEliabe\\vendor\\laravel\\framework\\src\\Illuminate\\Foundation\\Application.php(842): Illuminate\\Container\\Container->make('ADADController', Array)
#4 E:\\Users\\Acer\\Desktop\\hub\\LaravelEliabe\\laravelEliabe\\vendor\\laravel\\framework\\src\\Illuminate\\Routing\\Route.php(275): Illuminate\\Foundation\\Application->make('ADADController')
#5 E:\\Users\\Acer\\Desktop\\hub\\LaravelEliabe\\laravelEliabe\\vendor\\laravel\\framework\\src\\Illuminate\\Routing\\Route.php(1077): Illuminate\\Routing\\Route->getController()
#6 E:\\Users\\Acer\\Desktop\\hub\\LaravelEliabe\\laravelEliabe\\vendor\\laravel\\framework\\src\\Illuminate\\Routing\\Route.php(1020): Illuminate\\Routing\\Route->controllerMiddleware()
#7 E:\\Users\\Acer\\Desktop\\hub\\LaravelEliabe\\laravelEliabe\\vendor\\laravel\\framework\\src\\Illuminate\\Routing\\Router.php(737): Illuminate\\Routing\\Route->gatherMiddleware()
#8 E:\\Users\\Acer\\Desktop\\hub\\LaravelEliabe\\laravelEliabe\\vendor\\laravel\\framework\\src\\Illuminate\\Routing\\Router.php(719): Illuminate\\Routing\\Router->gatherRouteMiddleware(Object(Illuminate\\Routing\\Route))
#9 E:\\Users\\Acer\\Desktop\\hub\\LaravelEliabe\\laravelEliabe\\vendor\\laravel\\framework\\src\\Illuminate\\Routing\\Router.php(703): Illuminate\\Routing\\Router->runRouteWithinStack(Object(Illuminate\\Routing\\Route), Object(Illuminate\\Http\\Request))
#10 E:\\Users\\Acer\\Desktop\\hub\\LaravelEliabe\\laravelEliabe\\vendor\\laravel\\framework\\src\\Illuminate\\Routing\\Router.php(667): Illuminate\\Routing\\Router->runRoute(Object(Illuminate\\Http\\Request), Object(Illuminate\\Routing\\Route))
#11 E:\\Users\\Acer\\Desktop\\hub\\LaravelEliabe\\laravelEliabe\\vendor\\laravel\\framework\\src\\Illuminate\\Routing\\Router.php(656): Illuminate\\Routing\\Router->dispatchToRoute(Object(Illuminate\\Http\\Request))
#12 E:\\Users\\Acer\\Desktop\\hub\\LaravelEliabe\\laravelEliabe\\vendor\\laravel\\framework\\src\\Illuminate\\Foundation\\Http\\Kernel.php(167): Illuminate\\Routing\\Router->dispatch(Object(Illuminate\\Http\\Request))
#13 E:\\Users\\Acer\\Desktop\\hub\\LaravelEliabe\\laravelEliabe\\vendor\\laravel\\framework\\src\\Illuminate\\Pipeline\\Pipeline.php(141): Illuminate\\Foundation\\Http\\Kernel->Illuminate\\Foundation\\Http\\{closure}(Object(Illuminate\\Http\\Request))
#14 E:\\Users\\Acer\\Desktop\\hub\\LaravelEliabe\\laravelEliabe\\vendor\\laravel\\framework\\src\\Illuminate\\Foundation\\Http\\Middleware\\TransformsRequest.php(21): Illuminate\\Pipeline\\Pipeline->Illuminate\\Pipeline\\{closure}(Object(Illuminate\\Http\\Request))
#15 E:\\Users\\Acer\\Desktop\\hub\\LaravelEliabe\\laravelEliabe\\vendor\\laravel\\framework\\src\\Illuminate\\Foundation\\Http\\Middleware\\ConvertEmptyStringsToNull.php(31): Illuminate\\Foundation\\Http\\Middleware\\TransformsRequest->handle(Object(Illuminate\\Http\\Request), Object(Closure))
#16 E:\\Users\\Acer\\Desktop\\hub\\LaravelEliabe\\laravelEliabe\\vendor\\laravel\\framework\\src\\Illuminate\\Pipeline\\Pipeline.php(180): Illuminate\\Foundation\\Http\\Middleware\\ConvertEmptyStringsToNull->handle(Object(Illuminate\\Http\\Request), Object(Closure))
#17 E:\\Users\\Acer\\Desktop\\hub\\LaravelEliabe\\laravelEliabe\\vendor\\laravel\\framework\\src\\Illuminate\\Foundation\\Http\\Middleware\\TransformsRequest.php(21): Illuminate\\Pipeline\\Pipeline->Illuminate\\Pipeline\\{closure}(Object(Illuminate\\Http\\Request))
#18 E:\\Users\\Acer\\Desktop\\hub\\LaravelEliabe\\laravelEliabe\\vendor\\laravel\\framework\\src\\Illuminate\\Foundation\\Http\\Middleware\\TrimStrings.php(40): Illuminate\\Foundation\\Http\\Middleware\\TransformsRequest->handle(Object(Illuminate\\Http\\Request), Object(Closure))
#19 E:\\Users\\Acer\\Desktop\\hub\\LaravelEliabe\\laravelEliabe\\vendor\\laravel\\framework\\src\\Illuminate\\Pipeline\\Pipeline.php(180): Illuminate\\Foundation\\Http\\Middleware\\TrimStrings->handle(Object(Illuminate\\Http\\Request), Object(Closure))
#20 E:\\Users\\Acer\\Desktop\\hub\\LaravelEliabe\\laravelEliabe\\vendor\\laravel\\framework\\src\\Illuminate\\Foundation\\Http\\Middleware\\ValidatePostSize.php(27): Illuminate\\Pipeline\\Pipeline->Illuminate\\Pipeline\\{closure}(Object(Illuminate\\Http\\Request))
#21 E:\\Users\\Acer\\Desktop\\hub\\LaravelEliabe\\laravelEliabe\\vendor\\laravel\\framework\\src\\Illuminate\\Pipeline\\Pipeline.php(180): Illuminate\\Foundation\\Http\\Middleware\\ValidatePostSize->handle(Object(Illuminate\\Http\\Request), Object(Closure))
#22 E:\\Users\\Acer\\Desktop\\hub\\LaravelEliabe\\laravelEliabe\\vendor\\laravel\\framework\\src\\Illuminate\\Foundation\\Http\\Middleware\\PreventRequestsDuringMaintenance.php(86): Illuminate\\Pipeline\\Pipeline->Illuminate\\Pipeline\\{closure}(Object(Illuminate\\Http\\Request))
#23 E:\\Users\\Acer\\Desktop\\hub\\LaravelEliabe\\laravelEliabe\\vendor\\laravel\\framework\\src\\Illuminate\\Pipeline\\Pipeline.php(180): Illuminate\\Foundation\\Http\\Middleware\\PreventRequestsDuringMaintenance->handle(Object(Illuminate\\Http\\Request), Object(Closure))
#24 E:\\Users\\Acer\\Desktop\\hub\\LaravelEliabe\\laravelEliabe\\vendor\\laravel\\framework\\src\\Illuminate\\Http\\Middleware\\HandleCors.php(49): Illuminate\\Pipeline\\Pipeline->Illuminate\\Pipeline\\{closure}(Object(Illuminate\\Http\\Request))
#25 E:\\Users\\Acer\\Desktop\\hub\\LaravelEliabe\\laravelEliabe\\vendor\\laravel\\framework\\src\\Illuminate\\Pipeline\\Pipeline.php(180): Illuminate\\Http\\Middleware\\HandleCors->handle(Object(Illuminate\\Http\\Request), Object(Closure))
#26 E:\\Users\\Acer\\Desktop\\hub\\LaravelEliabe\\laravelEliabe\\vendor\\laravel\\framework\\src\\Illuminate\\Http\\Middleware\\TrustProxies.php(39): Illuminate\\Pipeline\\Pipeline->Illuminate\\Pipeline\\{closure}(Object(Illuminate\\Http\\Request))
#27 E:\\Users\\Acer\\Desktop\\hub\\LaravelEliabe\\laravelEliabe\\vendor\\laravel\\framework\\src\\Illuminate\\Pipeline\\Pipeline.php(180): Illuminate\\Http\\Middleware\\TrustProxies->handle(Object(Illuminate\\Http\\Request), Object(Closure))
#28 E:\\Users\\Acer\\Desktop\\hub\\LaravelEliabe\\laravelEliabe\\vendor\\laravel\\framework\\src\\Illuminate\\Pipeline\\Pipeline.php(116): Illuminate\\Pipeline\\Pipeline->Illuminate\\Pipeline\\{closure}(Object(Illuminate\\Http\\Request))
#29 E:\\Users\\Acer\\Desktop\\hub\\LaravelEliabe\\laravelEliabe\\vendor\\laravel\\framework\\src\\Illuminate\\Foundation\\Http\\Kernel.php(142): Illuminate\\Pipeline\\Pipeline->then(Object(Closure))
#30 E:\\Users\\Acer\\Desktop\\hub\\LaravelEliabe\\laravelEliabe\\vendor\\laravel\\framework\\src\\Illuminate\\Foundation\\Http\\Kernel.php(111): Illuminate\\Foundation\\Http\\Kernel->sendRequestThroughRouter(Object(Illuminate\\Http\\Request))
#31 E:\\Users\\Acer\\Desktop\\hub\\LaravelEliabe\\laravelEliabe\\public\\index.php(52): Illuminate\\Foundation\\Http\\Kernel->handle(Object(Illuminate\\Http\\Request))
#32 E:\\Users\\Acer\\Desktop\\hub\\LaravelEliabe\\laravelEliabe\\vendor\\laravel\\framework\\src\\Illuminate\\Foundation\\resources\\server.php(16): require_once('E:\\\\Users\\\\Acer\\\\D...')
#33 {main}

[previous exception] [object] (ReflectionException(code: -1): Class \"ADADController\" does not exist at E:\\Users\\Acer\\Desktop\\hub\\LaravelEliabe\\laravelEliabe\\vendor\\laravel\\framework\\src\\Illuminate\\Container\\Container.php:875)
[stacktrace]
#0 E:\\Users\\Acer\\Desktop\\hub\\LaravelEliabe\\laravelEliabe\\vendor\\laravel\\framework\\src\\Illuminate\\Container\\Container.php(875): ReflectionClass->__construct('ADADController')
#1 E:\\Users\\Acer\\Desktop\\hub\\LaravelEliabe\\laravelEliabe\\vendor\\laravel\\framework\\src\\Illuminate\\Container\\Container.php(756): Illuminate\\Container\\Container->build('ADADController')
#2 E:\\Users\\Acer\\Desktop\\hub\\LaravelEliabe\\laravelEliabe\\vendor\\laravel\\framework\\src\\Illuminate\\Foundation\\Application.php(857): Illuminate\\Container\\Container->resolve('ADADController', Array, true)
#3 E:\\Users\\Acer\\Desktop\\hub\\LaravelEliabe\\laravelEliabe\\vendor\\laravel\\framework\\src\\Illuminate\\Container\\Container.php(692): Illuminate\\Foundation\\Application->resolve('ADADController', Array)
#4 E:\\Users\\Acer\\Desktop\\hub\\LaravelEliabe\\laravelEliabe\\vendor\\laravel\\framework\\src\\Illuminate\\Foundation\\Application.php(842): Illuminate\\Container\\Container->make('ADADController', Array)
#5 E:\\Users\\Acer\\Desktop\\hub\\LaravelEliabe\\laravelEliabe\\vendor\\laravel\\framework\\src\\Illuminate\\Routing\\Route.php(275): Illuminate\\Foundation\\Application->make('ADADController')
#6 E:\\Users\\Acer\\Desktop\\hub\\LaravelEliabe\\laravelEliabe\\vendor\\laravel\\framework\\src\\Illuminate\\Routing\\Route.php(1077): Illuminate\\Routing\\Route->getController()
#7 E:\\Users\\Acer\\Desktop\\hub\\LaravelEliabe\\laravelEliabe\\vendor\\laravel\\framework\\src\\Illuminate\\Routing\\Route.php(1020): Illuminate\\Routing\\Route->controllerMiddleware()
#8 E:\\Users\\Acer\\Desktop\\hub\\LaravelEliabe\\laravelEliabe\\vendor\\laravel\\framework\\src\\Illuminate\\Routing\\Router.php(737): Illuminate\\Routing\\Route->gatherMiddleware()
#9 E:\\Users\\Acer\\Desktop\\hub\\LaravelEliabe\\laravelEliabe\\vendor\\laravel\\framework\\src\\Illuminate\\Routing\\Router.php(719): Illuminate\\Routing\\Router->gatherRouteMiddleware(Object(Illuminate\\Routing\\Route))
#10 E:\\Users\\Acer\\Desktop\\hub\\LaravelEliabe\\laravelEliabe\\vendor\\laravel\\framework\\src\\Illuminate\\Routing\\Router.php(703): Illuminate\\Routing\\Router->runRouteWithinStack(Object(Illuminate\\Routing\\Route), Object(Illuminate\\Http\\Request))
#11 E:\\Users\\Acer\\Desktop\\hub\\LaravelEliabe\\laravelEliabe\\vendor\\laravel\\framework\\src\\Illuminate\\Routing\\Router.php(667): Illuminate\\Routing\\Router->runRoute(Object(Illuminate\\Http\\Request), Object(Illuminate\\Routing\\Route))
#12 E:\\Users\\Acer\\Desktop\\hub\\LaravelEliabe\\laravelEliabe\\vendor\\laravel\\framework\\src\\Illuminate\\Routing\\Router.php(656): Illuminate\\Routing\\Router->dispatchToRoute(Object(Illuminate\\Http\\Request))
#13 E:\\Users\\Acer\\Desktop\\hub\\LaravelEliabe\\laravelEliabe\\vendor\\laravel\\framework\\src\\Illuminate\\Foundation\\Http\\Kernel.php(167): Illuminate\\Routing\\Router->dispatch(Object(Illuminate\\Http\\Request))
#14 E:\\Users\\Acer\\Desktop\\hub\\LaravelEliabe\\laravelEliabe\\vendor\\laravel\\framework\\src\\Illuminate\\Pipeline\\Pipeline.php(141): Illuminate\\Foundation\\Http\\Kernel->Illuminate\\Foundation\\Http\\{closure}(Object(Illuminate\\Http\\Request))
#15 E:\\Users\\Acer\\Desktop\\hub\\LaravelEliabe\\laravelEliabe\\vendor\\laravel\\framework\\src\\Illuminate\\Foundation\\Http\\Middleware\\TransformsRequest.php(21): Illuminate\\Pipeline\\Pipeline->Illuminate\\Pipeline\\{closure}(Object(Illuminate\\Http\\Request))
#16 E:\\Users\\Acer\\Desktop\\hub\\LaravelEliabe\\laravelEliabe\\vendor\\laravel\\framework\\src\\Illuminate\\Foundation\\Http\\Middleware\\ConvertEmptyStringsToNull.php(31): Illuminate\\Foundation\\Http\\Middleware\\TransformsRequest->handle(Object(Illuminate\\Http\\Request), Object(Closure))
#17 E:\\Users\\Acer\\Desktop\\hub\\LaravelEliabe\\laravelEliabe\\vendor\\laravel\\framework\\src\\Illuminate\\Pipeline\\Pipeline.php(180): Illuminate\\Foundation\\Http\\Middleware\\ConvertEmptyStringsToNull->handle(Object(Illuminate\\Http\\Request), Object(Closure))
#18 E:\\Users\\Acer\\Desktop\\hub\\LaravelEliabe\\laravelEliabe\\vendor\\laravel\\framework\\src\\Illuminate\\Foundation\\Http\\Middleware\\TransformsRequest.php(21): Illuminate\\Pipeline\\Pipeline->Illuminate\\Pipeline\\{closure}(Object(Illuminate\\Http\\Request))
#19 E:\\Users\\Acer\\Desktop\\hub\\LaravelEliabe\\laravelEliabe\\vendor\\laravel\\framework\\src\\Illuminate\\Foundation\\Http\\Middleware\\TrimStrings.php(40): Illuminate\\Foundation\\Http\\Middleware\\TransformsRequest->handle(Object(Illuminate\\Http\\Request), Object(Closure))
#20 E:\\Users\\Acer\\Desktop\\hub\\LaravelEliabe\\laravelEliabe\\vendor\\laravel\\framework\\src\\Illuminate\\Pipeline\\Pipeline.php(180): Illuminate\\Foundation\\Http\\Middleware\\TrimStrings->handle(Object(Illuminate\\Http\\Request), Object(Closure))
#21 E:\\Users\\Acer\\Desktop\\hub\\LaravelEliabe\\laravelEliabe\\vendor\\laravel\\framework\\src\\Illuminate\\Foundation\\Http\\Middleware\\ValidatePostSize.php(27): Illuminate\\Pipeline\\Pipeline->Illuminate\\Pipeline\\{closure}(Object(Illuminate\\Http\\Request))
#22 E:\\Users\\Acer\\Desktop\\hub\\LaravelEliabe\\laravelEliabe\\vendor\\laravel\\framework\\src\\Illuminate\\Pipeline\\Pipeline.php(180): Illuminate\\Foundation\\Http\\Middleware\\ValidatePostSize->handle(Object(Illuminate\\Http\\Request), Object(Closure))
#23 E:\\Users\\Acer\\Desktop\\hub\\LaravelEliabe\\laravelEliabe\\vendor\\laravel\\framework\\src\\Illuminate\\Foundation\\Http\\Middleware\\PreventRequestsDuringMaintenance.php(86): Illuminate\\Pipeline\\Pipeline->Illuminate\\Pipeline\\{closure}(Object(Illuminate\\Http\\Request))
#24 E:\\Users\\Acer\\Desktop\\hub\\LaravelEliabe\\laravelEliabe\\vendor\\laravel\\framework\\src\\Illuminate\\Pipeline\\Pipeline.php(180): Illuminate\\Foundation\\Http\\Middleware\\PreventRequestsDuringMaintenance->handle(Object(Illuminate\\Http\\Request), Object(Closure))
#25 E:\\Users\\Acer\\Desktop\\hub\\LaravelEliabe\\laravelEliabe\\vendor\\laravel\\framework\\src\\Illuminate\\Http\\Middleware\\HandleCors.php(49): Illuminate\\Pipeline\\Pipeline->Illuminate\\Pipeline\\{closure}(Object(Illuminate\\Http\\Request))
#26 E:\\Users\\Acer\\Desktop\\hub\\LaravelEliabe\\laravelEliabe\\vendor\\laravel\\framework\\src\\Illuminate\\Pipeline\\Pipeline.php(180): Illuminate\\Http\\Middleware\\HandleCors->handle(Object(Illuminate\\Http\\Request), Object(Closure))
#27 E:\\Users\\Acer\\Desktop\\hub\\LaravelEliabe\\laravelEliabe\\vendor\\laravel\\framework\\src\\Illuminate\\Http\\Middleware\\TrustProxies.php(39): Illuminate\\Pipeline\\Pipeline->Illuminate\\Pipeline\\{closure}(Object(Illuminate\\Http\\Request))
#28 E:\\Users\\Acer\\Desktop\\hub\\LaravelEliabe\\laravelEliabe\\vendor\\laravel\\framework\\src\\Illuminate\\Pipeline\\Pipeline.php(180): Illuminate\\Http\\Middleware\\TrustProxies->handle(Object(Illuminate\\Http\\Request), Object(Closure))
#29 E:\\Users\\Acer\\Desktop\\hub\\LaravelEliabe\\laravelEliabe\\vendor\\laravel\\framework\\src\\Illuminate\\Pipeline\\Pipeline.php(116): Illuminate\\Pipeline\\Pipeline->Illuminate\\Pipeline\\{closure}(Object(Illuminate\\Http\\Request))
#30 E:\\Users\\Acer\\Desktop\\hub\\LaravelEliabe\\laravelEliabe\\vendor\\laravel\\framework\\src\\Illuminate\\Foundation\\Http\\Kernel.php(142): Illuminate\\Pipeline\\Pipeline->then(Object(Closure))
#31 E:\\Users\\Acer\\Desktop\\hub\\LaravelEliabe\\laravelEliabe\\vendor\\laravel\\framework\\src\\Illuminate\\Foundation\\Http\\Kernel.php(111): Illuminate\\Foundation\\Http\\Kernel->sendRequestThroughRouter(Object(Illuminate\\Http\\Request))
#32 E:\\Users\\Acer\\Desktop\\hub\\LaravelEliabe\\laravelEliabe\\public\\index.php(52): Illuminate\\Foundation\\Http\\Kernel->handle(Object(Illuminate\\Http\\Request))
#33 E:\\Users\\Acer\\Desktop\\hub\\LaravelEliabe\\laravelEliabe\\vendor\\laravel\\framework\\src\\Illuminate\\Foundation\\resources\\server.php(16): require_once('E:\\\\Users\\\\Acer\\\\D...')
#34 {main}
"} 
[2022-08-27 14:57:57] local.ERROR: syntax error, unexpected identifier "Route", expecting ")" {"exception":"[object] (ParseError(code: 0): syntax error, unexpected identifier \"Route\", expecting \")\" at E:\\Users\\Acer\\Desktop\\hub\\LaravelEliabe\\laravelEliabe\\routes\\web.php:25)
[stacktrace]
#0 E:\\Users\\Acer\\Desktop\\hub\\LaravelEliabe\\laravelEliabe\\vendor\\laravel\\framework\\src\\Illuminate\\Routing\\Router.php(430): Illuminate\\Routing\\RouteFileRegistrar->register('E:\\\\Users\\\\Acer\\\\D...')
#1 E:\\Users\\Acer\\Desktop\\hub\\LaravelEliabe\\laravelEliabe\\vendor\\laravel\\framework\\src\\Illuminate\\Routing\\Router.php(386): Illuminate\\Routing\\Router->loadRoutes('E:\\\\Users\\\\Acer\\\\D...')
#2 E:\\Users\\Acer\\Desktop\\hub\\LaravelEliabe\\laravelEliabe\\vendor\\laravel\\framework\\src\\Illuminate\\Routing\\RouteRegistrar.php(165): Illuminate\\Routing\\Router->group(Array, 'E:\\\\Users\\\\Acer\\\\D...')
#3 E:\\Users\\Acer\\Desktop\\hub\\LaravelEliabe\\laravelEliabe\\app\\Providers\\RouteServiceProvider.php(37): Illuminate\\Routing\\RouteRegistrar->group('E:\\\\Users\\\\Acer\\\\D...')
#4 E:\\Users\\Acer\\Desktop\\hub\\LaravelEliabe\\laravelEliabe\\vendor\\laravel\\framework\\src\\Illuminate\\Container\\BoundMethod.php(36): App\\Providers\\RouteServiceProvider->App\\Providers\\{closure}()
#5 E:\\Users\\Acer\\Desktop\\hub\\LaravelEliabe\\laravelEliabe\\vendor\\laravel\\framework\\src\\Illuminate\\Container\\Util.php(41): Illuminate\\Container\\BoundMethod::Illuminate\\Container\\{closure}()
#6 E:\\Users\\Acer\\Desktop\\hub\\LaravelEliabe\\laravelEliabe\\vendor\\laravel\\framework\\src\\Illuminate\\Container\\BoundMethod.php(81): Illuminate\\Container\\Util::unwrapIfClosure(Object(Closure))
#7 E:\\Users\\Acer\\Desktop\\hub\\LaravelEliabe\\laravelEliabe\\vendor\\laravel\\framework\\src\\Illuminate\\Container\\BoundMethod.php(37): Illuminate\\Container\\BoundMethod::callBoundMethod(Object(Illuminate\\Foundation\\Application), Object(Closure), Object(Closure))
#8 E:\\Users\\Acer\\Desktop\\hub\\LaravelEliabe\\laravelEliabe\\vendor\\laravel\\framework\\src\\Illuminate\\Container\\Container.php(651): Illuminate\\Container\\BoundMethod::call(Object(Illuminate\\Foundation\\Application), Object(Closure), Array, NULL)
#9 E:\\Users\\Acer\\Desktop\\hub\\LaravelEliabe\\laravelEliabe\\vendor\\laravel\\framework\\src\\Illuminate\\Foundation\\Support\\Providers\\RouteServiceProvider.php(120): Illuminate\\Container\\Container->call(Object(Closure))
#10 E:\\Users\\Acer\\Desktop\\hub\\LaravelEliabe\\laravelEliabe\\vendor\\laravel\\framework\\src\\Illuminate\\Foundation\\Support\\Providers\\RouteServiceProvider.php(45): Illuminate\\Foundation\\Support\\Providers\\RouteServiceProvider->loadRoutes()
#11 E:\\Users\\Acer\\Desktop\\hub\\LaravelEliabe\\laravelEliabe\\vendor\\laravel\\framework\\src\\Illuminate\\Container\\BoundMethod.php(36): Illuminate\\Foundation\\Support\\Providers\\RouteServiceProvider->Illuminate\\Foundation\\Support\\Providers\\{closure}()
#12 E:\\Users\\Acer\\Desktop\\hub\\LaravelEliabe\\laravelEliabe\\vendor\\laravel\\framework\\src\\Illuminate\\Container\\Util.php(41): Illuminate\\Container\\BoundMethod::Illuminate\\Container\\{closure}()
#13 E:\\Users\\Acer\\Desktop\\hub\\LaravelEliabe\\laravelEliabe\\vendor\\laravel\\framework\\src\\Illuminate\\Container\\BoundMethod.php(81): Illuminate\\Container\\Util::unwrapIfClosure(Object(Closure))
#14 E:\\Users\\Acer\\Desktop\\hub\\LaravelEliabe\\laravelEliabe\\vendor\\laravel\\framework\\src\\Illuminate\\Container\\BoundMethod.php(37): Illuminate\\Container\\BoundMethod::callBoundMethod(Object(Illuminate\\Foundation\\Application), Object(Closure), Object(Closure))
#15 E:\\Users\\Acer\\Desktop\\hub\\LaravelEliabe\\laravelEliabe\\vendor\\laravel\\framework\\src\\Illuminate\\Container\\Container.php(651): Illuminate\\Container\\BoundMethod::call(Object(Illuminate\\Foundation\\Application), Object(Closure), Array, NULL)
#16 E:\\Users\\Acer\\Desktop\\hub\\LaravelEliabe\\laravelEliabe\\vendor\\laravel\\framework\\src\\Illuminate\\Support\\ServiceProvider.php(119): Illuminate\\Container\\Container->call(Object(Closure))
#17 E:\\Users\\Acer\\Desktop\\hub\\LaravelEliabe\\laravelEliabe\\vendor\\laravel\\framework\\src\\Illuminate\\Foundation\\Application.php(933): Illuminate\\Support\\ServiceProvider->callBootedCallbacks()
#18 E:\\Users\\Acer\\Desktop\\hub\\LaravelEliabe\\laravelEliabe\\vendor\\laravel\\framework\\src\\Illuminate\\Foundation\\Application.php(911): Illuminate\\Foundation\\Application->bootProvider(Object(App\\Providers\\RouteServiceProvider))
#19 [internal function]: Illuminate\\Foundation\\Application->Illuminate\\Foundation\\{closure}(Object(App\\Providers\\RouteServiceProvider), 23)
#20 E:\\Users\\Acer\\Desktop\\hub\\LaravelEliabe\\laravelEliabe\\vendor\\laravel\\framework\\src\\Illuminate\\Foundation\\Application.php(912): array_walk(Array, Object(Closure))
#21 E:\\Users\\Acer\\Desktop\\hub\\LaravelEliabe\\laravelEliabe\\vendor\\laravel\\framework\\src\\Illuminate\\Foundation\\Bootstrap\\BootProviders.php(17): Illuminate\\Foundation\\Application->boot()
#22 E:\\Users\\Acer\\Desktop\\hub\\LaravelEliabe\\laravelEliabe\\vendor\\laravel\\framework\\src\\Illuminate\\Foundation\\Application.php(239): Illuminate\\Foundation\\Bootstrap\\BootProviders->bootstrap(Object(Illuminate\\Foundation\\Application))
#23 E:\\Users\\Acer\\Desktop\\hub\\LaravelEliabe\\laravelEliabe\\vendor\\laravel\\framework\\src\\Illuminate\\Foundation\\Http\\Kernel.php(153): Illuminate\\Foundation\\Application->bootstrapWith(Array)
#24 E:\\Users\\Acer\\Desktop\\hub\\LaravelEliabe\\laravelEliabe\\vendor\\laravel\\framework\\src\\Illuminate\\Foundation\\Http\\Kernel.php(137): Illuminate\\Foundation\\Http\\Kernel->bootstrap()
#25 E:\\Users\\Acer\\Desktop\\hub\\LaravelEliabe\\laravelEliabe\\vendor\\laravel\\framework\\src\\Illuminate\\Foundation\\Http\\Kernel.php(111): Illuminate\\Foundation\\Http\\Kernel->sendRequestThroughRouter(Object(Illuminate\\Http\\Request))
#26 E:\\Users\\Acer\\Desktop\\hub\\LaravelEliabe\\laravelEliabe\\public\\index.php(52): Illuminate\\Foundation\\Http\\Kernel->handle(Object(Illuminate\\Http\\Request))
#27 E:\\Users\\Acer\\Desktop\\hub\\LaravelEliabe\\laravelEliabe\\vendor\\laravel\\framework\\src\\Illuminate\\Foundation\\resources\\server.php(16): require_once('E:\\\\Users\\\\Acer\\\\D...')
#28 {main}
"} 
[2022-08-27 14:58:17] local.ERROR: Unclosed '(' on line 17 {"exception":"[object] (ParseError(code: 0): Unclosed '(' on line 17 at E:\\Users\\Acer\\Desktop\\hub\\LaravelEliabe\\laravelEliabe\\routes\\web.php:25)
[stacktrace]
#0 E:\\Users\\Acer\\Desktop\\hub\\LaravelEliabe\\laravelEliabe\\vendor\\laravel\\framework\\src\\Illuminate\\Routing\\Router.php(430): Illuminate\\Routing\\RouteFileRegistrar->register('E:\\\\Users\\\\Acer\\\\D...')
#1 E:\\Users\\Acer\\Desktop\\hub\\LaravelEliabe\\laravelEliabe\\vendor\\laravel\\framework\\src\\Illuminate\\Routing\\Router.php(386): Illuminate\\Routing\\Router->loadRoutes('E:\\\\Users\\\\Acer\\\\D...')
#2 E:\\Users\\Acer\\Desktop\\hub\\LaravelEliabe\\laravelEliabe\\vendor\\laravel\\framework\\src\\Illuminate\\Routing\\RouteRegistrar.php(165): Illuminate\\Routing\\Router->group(Array, 'E:\\\\Users\\\\Acer\\\\D...')
#3 E:\\Users\\Acer\\Desktop\\hub\\LaravelEliabe\\laravelEliabe\\app\\Providers\\RouteServiceProvider.php(37): Illuminate\\Routing\\RouteRegistrar->group('E:\\\\Users\\\\Acer\\\\D...')
#4 E:\\Users\\Acer\\Desktop\\hub\\LaravelEliabe\\laravelEliabe\\vendor\\laravel\\framework\\src\\Illuminate\\Container\\BoundMethod.php(36): App\\Providers\\RouteServiceProvider->App\\Providers\\{closure}()
#5 E:\\Users\\Acer\\Desktop\\hub\\LaravelEliabe\\laravelEliabe\\vendor\\laravel\\framework\\src\\Illuminate\\Container\\Util.php(41): Illuminate\\Container\\BoundMethod::Illuminate\\Container\\{closure}()
#6 E:\\Users\\Acer\\Desktop\\hub\\LaravelEliabe\\laravelEliabe\\vendor\\laravel\\framework\\src\\Illuminate\\Container\\BoundMethod.php(81): Illuminate\\Container\\Util::unwrapIfClosure(Object(Closure))
#7 E:\\Users\\Acer\\Desktop\\hub\\LaravelEliabe\\laravelEliabe\\vendor\\laravel\\framework\\src\\Illuminate\\Container\\BoundMethod.php(37): Illuminate\\Container\\BoundMethod::callBoundMethod(Object(Illuminate\\Foundation\\Application), Object(Closure), Object(Closure))
#8 E:\\Users\\Acer\\Desktop\\hub\\LaravelEliabe\\laravelEliabe\\vendor\\laravel\\framework\\src\\Illuminate\\Container\\Container.php(651): Illuminate\\Container\\BoundMethod::call(Object(Illuminate\\Foundation\\Application), Object(Closure), Array, NULL)
#9 E:\\Users\\Acer\\Desktop\\hub\\LaravelEliabe\\laravelEliabe\\vendor\\laravel\\framework\\src\\Illuminate\\Foundation\\Support\\Providers\\RouteServiceProvider.php(120): Illuminate\\Container\\Container->call(Object(Closure))
#10 E:\\Users\\Acer\\Desktop\\hub\\LaravelEliabe\\laravelEliabe\\vendor\\laravel\\framework\\src\\Illuminate\\Foundation\\Support\\Providers\\RouteServiceProvider.php(45): Illuminate\\Foundation\\Support\\Providers\\RouteServiceProvider->loadRoutes()
#11 E:\\Users\\Acer\\Desktop\\hub\\LaravelEliabe\\laravelEliabe\\vendor\\laravel\\framework\\src\\Illuminate\\Container\\BoundMethod.php(36): Illuminate\\Foundation\\Support\\Providers\\RouteServiceProvider->Illuminate\\Foundation\\Support\\Providers\\{closure}()
#12 E:\\Users\\Acer\\Desktop\\hub\\LaravelEliabe\\laravelEliabe\\vendor\\laravel\\framework\\src\\Illuminate\\Container\\Util.php(41): Illuminate\\Container\\BoundMethod::Illuminate\\Container\\{closure}()
#13 E:\\Users\\Acer\\Desktop\\hub\\LaravelEliabe\\laravelEliabe\\vendor\\laravel\\framework\\src\\Illuminate\\Container\\BoundMethod.php(81): Illuminate\\Container\\Util::unwrapIfClosure(Object(Closure))
#14 E:\\Users\\Acer\\Desktop\\hub\\LaravelEliabe\\laravelEliabe\\vendor\\laravel\\framework\\src\\Illuminate\\Container\\BoundMethod.php(37): Illuminate\\Container\\BoundMethod::callBoundMethod(Object(Illuminate\\Foundation\\Application), Object(Closure), Object(Closure))
#15 E:\\Users\\Acer\\Desktop\\hub\\LaravelEliabe\\laravelEliabe\\vendor\\laravel\\framework\\src\\Illuminate\\Container\\Container.php(651): Illuminate\\Container\\BoundMethod::call(Object(Illuminate\\Foundation\\Application), Object(Closure), Array, NULL)
#16 E:\\Users\\Acer\\Desktop\\hub\\LaravelEliabe\\laravelEliabe\\vendor\\laravel\\framework\\src\\Illuminate\\Support\\ServiceProvider.php(119): Illuminate\\Container\\Container->call(Object(Closure))
#17 E:\\Users\\Acer\\Desktop\\hub\\LaravelEliabe\\laravelEliabe\\vendor\\laravel\\framework\\src\\Illuminate\\Foundation\\Application.php(933): Illuminate\\Support\\ServiceProvider->callBootedCallbacks()
#18 E:\\Users\\Acer\\Desktop\\hub\\LaravelEliabe\\laravelEliabe\\vendor\\laravel\\framework\\src\\Illuminate\\Foundation\\Application.php(911): Illuminate\\Foundation\\Application->bootProvider(Object(App\\Providers\\RouteServiceProvider))
#19 [internal function]: Illuminate\\Foundation\\Application->Illuminate\\Foundation\\{closure}(Object(App\\Providers\\RouteServiceProvider), 23)
#20 E:\\Users\\Acer\\Desktop\\hub\\LaravelEliabe\\laravelEliabe\\vendor\\laravel\\framework\\src\\Illuminate\\Foundation\\Application.php(912): array_walk(Array, Object(Closure))
#21 E:\\Users\\Acer\\Desktop\\hub\\LaravelEliabe\\laravelEliabe\\vendor\\laravel\\framework\\src\\Illuminate\\Foundation\\Bootstrap\\BootProviders.php(17): Illuminate\\Foundation\\Application->boot()
#22 E:\\Users\\Acer\\Desktop\\hub\\LaravelEliabe\\laravelEliabe\\vendor\\laravel\\framework\\src\\Illuminate\\Foundation\\Application.php(239): Illuminate\\Foundation\\Bootstrap\\BootProviders->bootstrap(Object(Illuminate\\Foundation\\Application))
#23 E:\\Users\\Acer\\Desktop\\hub\\LaravelEliabe\\laravelEliabe\\vendor\\laravel\\framework\\src\\Illuminate\\Foundation\\Http\\Kernel.php(153): Illuminate\\Foundation\\Application->bootstrapWith(Array)
#24 E:\\Users\\Acer\\Desktop\\hub\\LaravelEliabe\\laravelEliabe\\vendor\\laravel\\framework\\src\\Illuminate\\Foundation\\Http\\Kernel.php(137): Illuminate\\Foundation\\Http\\Kernel->bootstrap()
#25 E:\\Users\\Acer\\Desktop\\hub\\LaravelEliabe\\laravelEliabe\\vendor\\laravel\\framework\\src\\Illuminate\\Foundation\\Http\\Kernel.php(111): Illuminate\\Foundation\\Http\\Kernel->sendRequestThroughRouter(Object(Illuminate\\Http\\Request))
#26 E:\\Users\\Acer\\Desktop\\hub\\LaravelEliabe\\laravelEliabe\\public\\index.php(52): Illuminate\\Foundation\\Http\\Kernel->handle(Object(Illuminate\\Http\\Request))
#27 E:\\Users\\Acer\\Desktop\\hub\\LaravelEliabe\\laravelEliabe\\vendor\\laravel\\framework\\src\\Illuminate\\Foundation\\resources\\server.php(16): require_once('E:\\\\Users\\\\Acer\\\\D...')
#28 {main}
"} 
[2022-08-27 14:58:49] local.ERROR: syntax error, unexpected token "}", expecting ";" {"exception":"[object] (ParseError(code: 0): syntax error, unexpected token \"}\", expecting \";\" at E:\\Users\\Acer\\Desktop\\hub\\LaravelEliabe\\laravelEliabe\\routes\\web.php:17)
[stacktrace]
#0 E:\\Users\\Acer\\Desktop\\hub\\LaravelEliabe\\laravelEliabe\\vendor\\laravel\\framework\\src\\Illuminate\\Routing\\Router.php(430): Illuminate\\Routing\\RouteFileRegistrar->register('E:\\\\Users\\\\Acer\\\\D...')
#1 E:\\Users\\Acer\\Desktop\\hub\\LaravelEliabe\\laravelEliabe\\vendor\\laravel\\framework\\src\\Illuminate\\Routing\\Router.php(386): Illuminate\\Routing\\Router->loadRoutes('E:\\\\Users\\\\Acer\\\\D...')
#2 E:\\Users\\Acer\\Desktop\\hub\\LaravelEliabe\\laravelEliabe\\vendor\\laravel\\framework\\src\\Illuminate\\Routing\\RouteRegistrar.php(165): Illuminate\\Routing\\Router->group(Array, 'E:\\\\Users\\\\Acer\\\\D...')
#3 E:\\Users\\Acer\\Desktop\\hub\\LaravelEliabe\\laravelEliabe\\app\\Providers\\RouteServiceProvider.php(37): Illuminate\\Routing\\RouteRegistrar->group('E:\\\\Users\\\\Acer\\\\D...')
#4 E:\\Users\\Acer\\Desktop\\hub\\LaravelEliabe\\laravelEliabe\\vendor\\laravel\\framework\\src\\Illuminate\\Container\\BoundMethod.php(36): App\\Providers\\RouteServiceProvider->App\\Providers\\{closure}()
#5 E:\\Users\\Acer\\Desktop\\hub\\LaravelEliabe\\laravelEliabe\\vendor\\laravel\\framework\\src\\Illuminate\\Container\\Util.php(41): Illuminate\\Container\\BoundMethod::Illuminate\\Container\\{closure}()
#6 E:\\Users\\Acer\\Desktop\\hub\\LaravelEliabe\\laravelEliabe\\vendor\\laravel\\framework\\src\\Illuminate\\Container\\BoundMethod.php(81): Illuminate\\Container\\Util::unwrapIfClosure(Object(Closure))
#7 E:\\Users\\Acer\\Desktop\\hub\\LaravelEliabe\\laravelEliabe\\vendor\\laravel\\framework\\src\\Illuminate\\Container\\BoundMethod.php(37): Illuminate\\Container\\BoundMethod::callBoundMethod(Object(Illuminate\\Foundation\\Application), Object(Closure), Object(Closure))
#8 E:\\Users\\Acer\\Desktop\\hub\\LaravelEliabe\\laravelEliabe\\vendor\\laravel\\framework\\src\\Illuminate\\Container\\Container.php(651): Illuminate\\Container\\BoundMethod::call(Object(Illuminate\\Foundation\\Application), Object(Closure), Array, NULL)
#9 E:\\Users\\Acer\\Desktop\\hub\\LaravelEliabe\\laravelEliabe\\vendor\\laravel\\framework\\src\\Illuminate\\Foundation\\Support\\Providers\\RouteServiceProvider.php(120): Illuminate\\Container\\Container->call(Object(Closure))
#10 E:\\Users\\Acer\\Desktop\\hub\\LaravelEliabe\\laravelEliabe\\vendor\\laravel\\framework\\src\\Illuminate\\Foundation\\Support\\Providers\\RouteServiceProvider.php(45): Illuminate\\Foundation\\Support\\Providers\\RouteServiceProvider->loadRoutes()
#11 E:\\Users\\Acer\\Desktop\\hub\\LaravelEliabe\\laravelEliabe\\vendor\\laravel\\framework\\src\\Illuminate\\Container\\BoundMethod.php(36): Illuminate\\Foundation\\Support\\Providers\\RouteServiceProvider->Illuminate\\Foundation\\Support\\Providers\\{closure}()
#12 E:\\Users\\Acer\\Desktop\\hub\\LaravelEliabe\\laravelEliabe\\vendor\\laravel\\framework\\src\\Illuminate\\Container\\Util.php(41): Illuminate\\Container\\BoundMethod::Illuminate\\Container\\{closure}()
#13 E:\\Users\\Acer\\Desktop\\hub\\LaravelEliabe\\laravelEliabe\\vendor\\laravel\\framework\\src\\Illuminate\\Container\\BoundMethod.php(81): Illuminate\\Container\\Util::unwrapIfClosure(Object(Closure))
#14 E:\\Users\\Acer\\Desktop\\hub\\LaravelEliabe\\laravelEliabe\\vendor\\laravel\\framework\\src\\Illuminate\\Container\\BoundMethod.php(37): Illuminate\\Container\\BoundMethod::callBoundMethod(Object(Illuminate\\Foundation\\Application), Object(Closure), Object(Closure))
#15 E:\\Users\\Acer\\Desktop\\hub\\LaravelEliabe\\laravelEliabe\\vendor\\laravel\\framework\\src\\Illuminate\\Container\\Container.php(651): Illuminate\\Container\\BoundMethod::call(Object(Illuminate\\Foundation\\Application), Object(Closure), Array, NULL)
#16 E:\\Users\\Acer\\Desktop\\hub\\LaravelEliabe\\laravelEliabe\\vendor\\laravel\\framework\\src\\Illuminate\\Support\\ServiceProvider.php(119): Illuminate\\Container\\Container->call(Object(Closure))
#17 E:\\Users\\Acer\\Desktop\\hub\\LaravelEliabe\\laravelEliabe\\vendor\\laravel\\framework\\src\\Illuminate\\Foundation\\Application.php(933): Illuminate\\Support\\ServiceProvider->callBootedCallbacks()
#18 E:\\Users\\Acer\\Desktop\\hub\\LaravelEliabe\\laravelEliabe\\vendor\\laravel\\framework\\src\\Illuminate\\Foundation\\Application.php(911): Illuminate\\Foundation\\Application->bootProvider(Object(App\\Providers\\RouteServiceProvider))
#19 [internal function]: Illuminate\\Foundation\\Application->Illuminate\\Foundation\\{closure}(Object(App\\Providers\\RouteServiceProvider), 23)
#20 E:\\Users\\Acer\\Desktop\\hub\\LaravelEliabe\\laravelEliabe\\vendor\\laravel\\framework\\src\\Illuminate\\Foundation\\Application.php(912): array_walk(Array, Object(Closure))
#21 E:\\Users\\Acer\\Desktop\\hub\\LaravelEliabe\\laravelEliabe\\vendor\\laravel\\framework\\src\\Illuminate\\Foundation\\Bootstrap\\BootProviders.php(17): Illuminate\\Foundation\\Application->boot()
#22 E:\\Users\\Acer\\Desktop\\hub\\LaravelEliabe\\laravelEliabe\\vendor\\laravel\\framework\\src\\Illuminate\\Foundation\\Application.php(239): Illuminate\\Foundation\\Bootstrap\\BootProviders->bootstrap(Object(Illuminate\\Foundation\\Application))
#23 E:\\Users\\Acer\\Desktop\\hub\\LaravelEliabe\\laravelEliabe\\vendor\\laravel\\framework\\src\\Illuminate\\Foundation\\Http\\Kernel.php(153): Illuminate\\Foundation\\Application->bootstrapWith(Array)
#24 E:\\Users\\Acer\\Desktop\\hub\\LaravelEliabe\\laravelEliabe\\vendor\\laravel\\framework\\src\\Illuminate\\Foundation\\Http\\Kernel.php(137): Illuminate\\Foundation\\Http\\Kernel->bootstrap()
#25 E:\\Users\\Acer\\Desktop\\hub\\LaravelEliabe\\laravelEliabe\\vendor\\laravel\\framework\\src\\Illuminate\\Foundation\\Http\\Kernel.php(111): Illuminate\\Foundation\\Http\\Kernel->sendRequestThroughRouter(Object(Illuminate\\Http\\Request))
#26 E:\\Users\\Acer\\Desktop\\hub\\LaravelEliabe\\laravelEliabe\\public\\index.php(52): Illuminate\\Foundation\\Http\\Kernel->handle(Object(Illuminate\\Http\\Request))
#27 E:\\Users\\Acer\\Desktop\\hub\\LaravelEliabe\\laravelEliabe\\vendor\\laravel\\framework\\src\\Illuminate\\Foundation\\resources\\server.php(16): require_once('E:\\\\Users\\\\Acer\\\\D...')
#28 {main}
"} 
